GROUP,PACKAGE,CLASS,INSTRUCTION_MISSED,INSTRUCTION_COVERED,BRANCH_MISSED,BRANCH_COVERED,LINE_MISSED,LINE_COVERED,COMPLEXITY_MISSED,COMPLEXITY_COVERED,METHOD_MISSED,METHOD_COVERED
Assignment for class CS5010,edu.neu.ccs.cs5004.lab3.shapes,Rectangle,82,0,0,0,14,0,7,0,7,0
Assignment for class CS5010,edu.neu.ccs.cs5004.lab3.shapes,AbstractShape,30,0,4,0,11,0,5,0,3,0
Assignment for class CS5010,edu.neu.ccs.cs5004.lab3.shapes,InvalidRadiusException,4,0,0,0,2,0,1,0,1,0
Assignment for class CS5010,edu.neu.ccs.cs5004.lab3.shapes,Point2D,0,28,0,0,0,7,0,4,0,4
Assignment for class CS5010,edu.neu.ccs.cs5004.lab3.shapes,UseCircle,3,0,0,0,1,0,1,0,1,0
Assignment for class CS5010,edu.neu.ccs.cs5004.lab3.shapes,Circle,111,0,4,0,23,0,11,0,9,0
Assignment for class CS5010,edu.neu.ccs.cs5004,App,7,0,0,0,3,0,2,0,2,0
